#-----------------------------------------------------------
# xsim v2022.2 (64-bit)
# SW Build 3671981 on Fri Oct 14 04:59:54 MDT 2022
# IP Build 3669848 on Fri Oct 14 08:30:02 MDT 2022
# Start of session at: Sun May  3 11:18:48 2026
# Process ID: 245461
# Current directory: /home/zealatan/AI_ORC/messi/VIVADO_MIN_EXAMPLE/build
# Command line: xsim -mode tcl -source {xsim.dir/simple_dma_add_ctrl_tb_sim/xsim_script.tcl}
# Log file: /home/zealatan/AI_ORC/messi/VIVADO_MIN_EXAMPLE/build/xsim.log
# Journal file: /home/zealatan/AI_ORC/messi/VIVADO_MIN_EXAMPLE/build/xsim.jou
# Running On: DESKTOP-FAIRVEG, OS: Linux, CPU Frequency: 2496.001 MHz, CPU Physical cores: 6, Host memory: 8134 MB
#-----------------------------------------------------------
source xsim.dir/simple_dma_add_ctrl_tb_sim/xsim_script.tcl
# xsim {simple_dma_add_ctrl_tb_sim} -autoloadwcfg -runall
Time resolution is 1 ps
run -all
[INFO] Test 1: register R/W sanity + SLVERR
[PASS]                                         T1 SRC write  resp=2'b00
[PASS]                                         T1 DST write  resp=2'b00
[PASS]                                         T1 LEN write  resp=2'b00
[PASS]                                         T1 ADD write  resp=2'b00
[PASS]                                          T1 SRC read  resp=2'b00
[PASS]                                      T1 SRC readback  got=0xdeadbeef
[PASS]                                          T1 DST read  resp=2'b00
[PASS]                                      T1 DST readback  got=0xcafef00d
[PASS]                                          T1 LEN read  resp=2'b00
[PASS]                                      T1 LEN readback  got=0x00000007
[PASS]                                          T1 ADD read  resp=2'b00
[PASS]                                      T1 ADD readback  got=0x00000042
[PASS]                              T1 invalid write SLVERR  resp=2'b10
[PASS]                               T1 invalid read SLVERR  resp=2'b10
[PASS]                                   T1 invalid rdata=0  got=0x00000000
[INFO] Test 2: 1-word add transfer
[PASS]                                     start: SRC write  resp=2'b00
[PASS]                                     start: DST write  resp=2'b00
[PASS]                                     start: LEN write  resp=2'b00
[PASS]                                     start: ADD write  resp=2'b00
[PASS]                                    start: CTRL write  resp=2'b00
[PASS]                                       T2 STATUS read  resp=2'b00
[PASS]                                       T2 STATUS.done  got=1'b1
[PASS]                                    T2 STATUS.error=0  got=1'b0
[PASS]                                        T2 COUNT read  resp=2'b00
[PASS]                                 T2 PROCESSED_COUNT=1  got=0x00000001
[PASS]                                      T2 LAST_IN read  resp=2'b00
[PASS]                                   T2 LAST_INPUT_DATA  got=0x00000010
[PASS]                                     T2 LAST_OUT read  resp=2'b00
[PASS]                                  T2 LAST_OUTPUT_DATA  got=0x00000015
[PASS]                                  T2 dst mem[0x40>>2]  got=0x00000015
[INFO] Test 3: 4-word add transfer (add=0x100)
[PASS]                                     start: SRC write  resp=2'b00
[PASS]                                     start: DST write  resp=2'b00
[PASS]                                     start: LEN write  resp=2'b00
[PASS]                                     start: ADD write  resp=2'b00
[PASS]                                    start: CTRL write  resp=2'b00
[PASS]                                       T3 STATUS read  resp=2'b00
[PASS]                                       T3 STATUS.done  got=1'b1
[PASS]                                    T3 STATUS.error=0  got=1'b0
[PASS]                                        T3 COUNT read  resp=2'b00
[PASS]                                 T3 PROCESSED_COUNT=4  got=0x00000004
[PASS]                                      T3 LAST_IN read  resp=2'b00
[PASS]                                   T3 LAST_INPUT_DATA  got=0x40000004
[PASS]                                     T3 LAST_OUT read  resp=2'b00
[PASS]                                  T3 LAST_OUTPUT_DATA  got=0x40000104
[PASS]                                            T3 dst[0]  got=0x10000101
[PASS]                                            T3 dst[1]  got=0x20000102
[PASS]                                            T3 dst[2]  got=0x30000103
[PASS]                                            T3 dst[3]  got=0x40000104
[INFO] Test 4: identity mode (add=0)
[PASS]                                     start: SRC write  resp=2'b00
[PASS]                                     start: DST write  resp=2'b00
[PASS]                                     start: LEN write  resp=2'b00
[PASS]                                     start: ADD write  resp=2'b00
[PASS]                                    start: CTRL write  resp=2'b00
[PASS]                                       T4 STATUS read  resp=2'b00
[PASS]                                       T4 STATUS.done  got=1'b1
[PASS]                                    T4 STATUS.error=0  got=1'b0
[PASS]                                        T4 COUNT read  resp=2'b00
[PASS]                                 T4 PROCESSED_COUNT=4  got=0x00000004
[PASS]                                            T4 dst[0]  got=0xaaaa0001
[PASS]                                            T4 dst[1]  got=0xbbbb0002
[PASS]                                            T4 dst[2]  got=0xcccc0003
[PASS]                                            T4 dst[3]  got=0xdddd0004
[INFO] Test 5: 32-bit overflow (no error)
[PASS]                                     start: SRC write  resp=2'b00
[PASS]                                     start: DST write  resp=2'b00
[PASS]                                     start: LEN write  resp=2'b00
[PASS]                                     start: ADD write  resp=2'b00
[PASS]                                    start: CTRL write  resp=2'b00
[PASS]                                       T5 STATUS read  resp=2'b00
[PASS]                                       T5 STATUS.done  got=1'b1
[PASS]                                    T5 STATUS.error=0  got=1'b0
[PASS]                                  T5 dst wrapped to 0  got=0x00000000
[INFO] Test 6: zero-length transfer
[PASS]                                     start: SRC write  resp=2'b00
[PASS]                                     start: DST write  resp=2'b00
[PASS]                                     start: LEN write  resp=2'b00
[PASS]                                     start: ADD write  resp=2'b00
[PASS]                                    start: CTRL write  resp=2'b00
[PASS]                                       T6 STATUS read  resp=2'b00
[PASS]                                       T6 STATUS.done  got=1'b1
[PASS]                                    T6 STATUS.error=0  got=1'b0
[PASS]                                        T6 COUNT read  resp=2'b00
[PASS]                                 T6 PROCESSED_COUNT=0  got=0x00000000
[PASS]                    T6 canary mem[0x140>>2] unchanged  got=0xfaceb00c
[INFO] Test 7: invalid src mid-transfer (word 2 OOB)
[PASS]                                     start: SRC write  resp=2'b00
[PASS]                                     start: DST write  resp=2'b00
[PASS]                                     start: LEN write  resp=2'b00
[PASS]                                     start: ADD write  resp=2'b00
[PASS]                                    start: CTRL write  resp=2'b00
[PASS]                                       T7 STATUS read  resp=2'b00
[PASS]                                       T7 STATUS.done  got=1'b1
[PASS]                                    T7 STATUS.error=1  got=1'b1
[PASS]                                        T7 COUNT read  resp=2'b00
[PASS]                                 T7 PROCESSED_COUNT=2  got=0x00000002
[PASS]                                            T7 dst[0]  got=0xbbbb2232
[PASS]                                            T7 dst[1]  got=0xcccc3343
[PASS]                           T7 dst[2] canary unchanged  got=0xdecaf0ca
[INFO] Test 8: invalid dst mid-transfer (word 2 OOB)
[PASS]                                     start: SRC write  resp=2'b00
[PASS]                                     start: DST write  resp=2'b00
[PASS]                                     start: LEN write  resp=2'b00
[PASS]                                     start: ADD write  resp=2'b00
[PASS]                                    start: CTRL write  resp=2'b00
[PASS]                                       T8 STATUS read  resp=2'b00
[PASS]                                       T8 STATUS.done  got=1'b1
[PASS]                                    T8 STATUS.error=1  got=1'b1
[PASS]                                        T8 COUNT read  resp=2'b00
[PASS]                                 T8 PROCESSED_COUNT=2  got=0x00000002
[PASS]                              T8 dst[0] mem[0xFF8>>2]  got=0x1111aaca
[PASS]                              T8 dst[1] mem[0xFFC>>2]  got=0x2222bbdb
[PASS]                                  T8 src[0] unchanged  got=0x1111aaaa
[INFO] Test 9: busy-state reads and re-trigger guard
[PASS]                                         T9 SRC write  resp=2'b00
[PASS]                                         T9 DST write  resp=2'b00
[PASS]                                         T9 LEN write  resp=2'b00
[PASS]                                         T9 ADD write  resp=2'b00
[PASS]                                        T9 CTRL start  resp=2'b00
[PASS]                                T9 STATUS read (busy)  resp=2'b00
[PASS]                       T9 STATUS.busy=1 while running  got=1'b1
[PASS]                             T9 CTRL re-start (no-op)  resp=2'b00
[PASS]                                T9 STATUS read (done)  resp=2'b00
[PASS]                                       T9 STATUS.done  got=1'b1
[PASS]                                    T9 STATUS.error=0  got=1'b0
[PASS]                                        T9 COUNT read  resp=2'b00
[PASS]                                 T9 PROCESSED_COUNT=8  got=0x00000008
[PASS]                                            T9 dst[0]  got=0xa0a0a0a1
[PASS]                                            T9 dst[1]  got=0xa1a1a1a2
[PASS]                                            T9 dst[2]  got=0xa2a2a2a3
[PASS]                                            T9 dst[3]  got=0xa3a3a3a4
[PASS]                                            T9 dst[4]  got=0xa4a4a4a5
[PASS]                                            T9 dst[5]  got=0xa5a5a5a6
[PASS]                                            T9 dst[6]  got=0xa6a6a6a7
[PASS]                                            T9 dst[7]  got=0xa7a7a7a8
[INFO] Test 10: restart after error
[PASS]                                     start: SRC write  resp=2'b00
[PASS]                                     start: DST write  resp=2'b00
[PASS]                                     start: LEN write  resp=2'b00
[PASS]                                     start: ADD write  resp=2'b00
[PASS]                                    start: CTRL write  resp=2'b00
[PASS]                                     T10a STATUS read  resp=2'b00
[PASS]                                     T10a STATUS.done  got=1'b1
[PASS]                                  T10a STATUS.error=1  got=1'b1
[PASS]                                      T10a COUNT read  resp=2'b00
[PASS]                               T10a PROCESSED_COUNT=1  got=0x00000001
[PASS]                                     start: SRC write  resp=2'b00
[PASS]                                     start: DST write  resp=2'b00
[PASS]                                     start: LEN write  resp=2'b00
[PASS]                                     start: ADD write  resp=2'b00
[PASS]                                    start: CTRL write  resp=2'b00
[PASS]                                     T10b STATUS read  resp=2'b00
[PASS]                                     T10b STATUS.done  got=1'b1
[PASS]                                  T10b STATUS.error=0  got=1'b0
[PASS]                                      T10b COUNT read  resp=2'b00
[PASS]                               T10b PROCESSED_COUNT=2  got=0x00000002
[PASS]                            T10b dst[0] mem[0x680>>2]  got=0x12345687
[PASS]                            T10b dst[1] mem[0x684>>2]  got=0x87654330
[INFO] Test 11: mixed write ordering (AW-first and W-first)
[PASS]                     T11 invalid addr AW-first SLVERR  resp=2'b10
[PASS]                      T11 invalid addr W-first SLVERR  resp=2'b10
[PASS]                                 T11 SRC via AW-first  resp=2'b00
[PASS]                                  T11 DST via W-first  resp=2'b00
[PASS]                                 T11 LEN via AW-first  resp=2'b00
[PASS]                                  T11 ADD via W-first  resp=2'b00
[PASS]                          T11 CTRL start via AW-first  resp=2'b00
[PASS]                                      T11 STATUS read  resp=2'b00
[PASS]                                      T11 STATUS.done  got=1'b1
[PASS]                                   T11 STATUS.error=0  got=1'b0
[PASS]                                       T11 COUNT read  resp=2'b00
[PASS]                                T11 PROCESSED_COUNT=3  got=0x00000003
[PASS]                                     T11 LAST_IN read  resp=2'b00
[PASS]                                  T11 LAST_INPUT_DATA  got=0xdead0003
[PASS]                                    T11 LAST_OUT read  resp=2'b00
[PASS]                                 T11 LAST_OUTPUT_DATA  got=0xdead0013
[PASS]                             T11 dst[0] mem[0x800>>2]  got=0xdead0011
[PASS]                             T11 dst[1] mem[0x804>>2]  got=0xdead0012
[PASS]                             T11 dst[2] mem[0x808>>2]  got=0xdead0013
[INFO] Test 12: B-channel backpressure (3-cycle bready delay)
[PASS]                    bready_delay: bvalid held cycle 1  got=1'b1
[PASS]                    bready_delay: bvalid held cycle 2  got=1'b1
[PASS]                    bready_delay: bvalid held cycle 3  got=1'b1
[PASS]                   bready_delay: bvalid before accept  got=1'b1
[PASS]                            T12 SRC bready_delay OKAY  resp=2'b00
[PASS]                    bready_delay: bvalid held cycle 1  got=1'b1
[PASS]                    bready_delay: bvalid held cycle 2  got=1'b1
[PASS]                    bready_delay: bvalid held cycle 3  got=1'b1
[PASS]                   bready_delay: bvalid before accept  got=1'b1
[PASS]                            T12 DST bready_delay OKAY  resp=2'b00
[PASS]                    bready_delay: bvalid held cycle 1  got=1'b1
[PASS]                    bready_delay: bvalid held cycle 2  got=1'b1
[PASS]                    bready_delay: bvalid held cycle 3  got=1'b1
[PASS]                   bready_delay: bvalid before accept  got=1'b1
[PASS]                            T12 LEN bready_delay OKAY  resp=2'b00
[PASS]                    bready_delay: bvalid held cycle 1  got=1'b1
[PASS]                    bready_delay: bvalid held cycle 2  got=1'b1
[PASS]                    bready_delay: bvalid held cycle 3  got=1'b1
[PASS]                   bready_delay: bvalid before accept  got=1'b1
[PASS]                            T12 ADD bready_delay OKAY  resp=2'b00
[PASS]                    bready_delay: bvalid held cycle 1  got=1'b1
[PASS]                    bready_delay: bvalid held cycle 2  got=1'b1
[PASS]                    bready_delay: bvalid held cycle 3  got=1'b1
[PASS]                   bready_delay: bvalid before accept  got=1'b1
[PASS]                 T12 invalid addr bready_delay SLVERR  resp=2'b10
[PASS]                                       T12 CTRL start  resp=2'b00
[PASS]                                      T12 STATUS read  resp=2'b00
[PASS]                                      T12 STATUS.done  got=1'b1
[PASS]                                   T12 STATUS.error=0  got=1'b0
[PASS]                                       T12 COUNT read  resp=2'b00
[PASS]                                T12 PROCESSED_COUNT=2  got=0x00000002
[PASS]                             T12 dst[0] mem[0x900>>2]  got=0x11223349
[PASS]                             T12 dst[1] mem[0x904>>2]  got=0x5566778d
[INFO] Test 13: R-channel backpressure (3-cycle rready delay)
[PASS]                                     start: SRC write  resp=2'b00
[PASS]                                     start: DST write  resp=2'b00
[PASS]                                     start: LEN write  resp=2'b00
[PASS]                                     start: ADD write  resp=2'b00
[PASS]                                    start: CTRL write  resp=2'b00
[PASS]                    rready_delay: rvalid held cycle 1  got=1'b1
[PASS]                  rready_delay: rdata  stable cycle 1  got=0x00000820
[PASS]                  rready_delay: rresp  stable cycle 1  resp=2'b00
[PASS]                    rready_delay: rvalid held cycle 2  got=1'b1
[PASS]                  rready_delay: rdata  stable cycle 2  got=0x00000820
[PASS]                  rready_delay: rresp  stable cycle 2  resp=2'b00
[PASS]                    rready_delay: rvalid held cycle 3  got=1'b1
[PASS]                  rready_delay: rdata  stable cycle 3  got=0x00000820
[PASS]                  rready_delay: rresp  stable cycle 3  resp=2'b00
[PASS]                   rready_delay: rvalid before accept  got=1'b1
[PASS]                           rready_delay: rresp  final  resp=2'b00
[PASS]                                T13 SRC_ADDR readback  got=0x00000820
[PASS]                    rready_delay: rvalid held cycle 1  got=1'b1
[PASS]                  rready_delay: rdata  stable cycle 1  got=0x00000940
[PASS]                  rready_delay: rresp  stable cycle 1  resp=2'b00
[PASS]                    rready_delay: rvalid held cycle 2  got=1'b1
[PASS]                  rready_delay: rdata  stable cycle 2  got=0x00000940
[PASS]                  rready_delay: rresp  stable cycle 2  resp=2'b00
[PASS]                    rready_delay: rvalid held cycle 3  got=1'b1
[PASS]                  rready_delay: rdata  stable cycle 3  got=0x00000940
[PASS]                  rready_delay: rresp  stable cycle 3  resp=2'b00
[PASS]                   rready_delay: rvalid before accept  got=1'b1
[PASS]                           rready_delay: rresp  final  resp=2'b00
[PASS]                                T13 DST_ADDR readback  got=0x00000940
[PASS]                    rready_delay: rvalid held cycle 1  got=1'b1
[PASS]                  rready_delay: rdata  stable cycle 1  got=0x00000004
[PASS]                  rready_delay: rresp  stable cycle 1  resp=2'b00
[PASS]                    rready_delay: rvalid held cycle 2  got=1'b1
[PASS]                  rready_delay: rdata  stable cycle 2  got=0x00000004
[PASS]                  rready_delay: rresp  stable cycle 2  resp=2'b00
[PASS]                    rready_delay: rvalid held cycle 3  got=1'b1
[PASS]                  rready_delay: rdata  stable cycle 3  got=0x00000004
[PASS]                  rready_delay: rresp  stable cycle 3  resp=2'b00
[PASS]                   rready_delay: rvalid before accept  got=1'b1
[PASS]                           rready_delay: rresp  final  resp=2'b00
[PASS]                                     T13 LEN readback  got=0x00000004
[PASS]                    rready_delay: rvalid held cycle 1  got=1'b1
[PASS]                  rready_delay: rdata  stable cycle 1  got=0x00000007
[PASS]                  rready_delay: rresp  stable cycle 1  resp=2'b00
[PASS]                    rready_delay: rvalid held cycle 2  got=1'b1
[PASS]                  rready_delay: rdata  stable cycle 2  got=0x00000007
[PASS]                  rready_delay: rresp  stable cycle 2  resp=2'b00
[PASS]                    rready_delay: rvalid held cycle 3  got=1'b1
[PASS]                  rready_delay: rdata  stable cycle 3  got=0x00000007
[PASS]                  rready_delay: rresp  stable cycle 3  resp=2'b00
[PASS]                   rready_delay: rvalid before accept  got=1'b1
[PASS]                           rready_delay: rresp  final  resp=2'b00
[PASS]                               T13 ADD_VALUE readback  got=0x00000007
[PASS]                    rready_delay: rvalid held cycle 1  got=1'b1
[PASS]                  rready_delay: rdata  stable cycle 1  got=0x00000001
[PASS]                  rready_delay: rresp  stable cycle 1  resp=2'b00
[PASS]                    rready_delay: rvalid held cycle 2  got=1'b1
[PASS]                  rready_delay: rdata  stable cycle 2  got=0x00000001
[PASS]                  rready_delay: rresp  stable cycle 2  resp=2'b00
[PASS]                    rready_delay: rvalid held cycle 3  got=1'b1
[PASS]                  rready_delay: rdata  stable cycle 3  got=0x00000001
[PASS]                  rready_delay: rresp  stable cycle 3  resp=2'b00
[PASS]                   rready_delay: rvalid before accept  got=1'b1
[PASS]                           rready_delay: rresp  final  resp=2'b00
[PASS]                   T13 STATUS (done=1 error=0 busy=0)  got=0x00000001
[PASS]                    rready_delay: rvalid held cycle 1  got=1'b1
[PASS]                  rready_delay: rdata  stable cycle 1  got=0x00000004
[PASS]                  rready_delay: rresp  stable cycle 1  resp=2'b00
[PASS]                    rready_delay: rvalid held cycle 2  got=1'b1
[PASS]                  rready_delay: rdata  stable cycle 2  got=0x00000004
[PASS]                  rready_delay: rresp  stable cycle 2  resp=2'b00
[PASS]                    rready_delay: rvalid held cycle 3  got=1'b1
[PASS]                  rready_delay: rdata  stable cycle 3  got=0x00000004
[PASS]                  rready_delay: rresp  stable cycle 3  resp=2'b00
[PASS]                   rready_delay: rvalid before accept  got=1'b1
[PASS]                           rready_delay: rresp  final  resp=2'b00
[PASS]                                T13 PROCESSED_COUNT=4  got=0x00000004
[PASS]                    rready_delay: rvalid held cycle 1  got=1'b1
[PASS]                  rready_delay: rdata  stable cycle 1  got=0x3a3b3c3d
[PASS]                  rready_delay: rresp  stable cycle 1  resp=2'b00
[PASS]                    rready_delay: rvalid held cycle 2  got=1'b1
[PASS]                  rready_delay: rdata  stable cycle 2  got=0x3a3b3c3d
[PASS]                  rready_delay: rresp  stable cycle 2  resp=2'b00
[PASS]                    rready_delay: rvalid held cycle 3  got=1'b1
[PASS]                  rready_delay: rdata  stable cycle 3  got=0x3a3b3c3d
[PASS]                  rready_delay: rresp  stable cycle 3  resp=2'b00
[PASS]                   rready_delay: rvalid before accept  got=1'b1
[PASS]                           rready_delay: rresp  final  resp=2'b00
[PASS]                                  T13 LAST_INPUT_DATA  got=0x3a3b3c3d
[PASS]                    rready_delay: rvalid held cycle 1  got=1'b1
[PASS]                  rready_delay: rdata  stable cycle 1  got=0x3a3b3c44
[PASS]                  rready_delay: rresp  stable cycle 1  resp=2'b00
[PASS]                    rready_delay: rvalid held cycle 2  got=1'b1
[PASS]                  rready_delay: rdata  stable cycle 2  got=0x3a3b3c44
[PASS]                  rready_delay: rresp  stable cycle 2  resp=2'b00
[PASS]                    rready_delay: rvalid held cycle 3  got=1'b1
[PASS]                  rready_delay: rdata  stable cycle 3  got=0x3a3b3c44
[PASS]                  rready_delay: rresp  stable cycle 3  resp=2'b00
[PASS]                   rready_delay: rvalid before accept  got=1'b1
[PASS]                           rready_delay: rresp  final  resp=2'b00
[PASS]                                 T13 LAST_OUTPUT_DATA  got=0x3a3b3c44
[PASS]                    rready_delay: rvalid held cycle 1  got=1'b1
[PASS]                  rready_delay: rdata  stable cycle 1  got=0x00000000
[PASS]                  rready_delay: rresp  stable cycle 1  resp=2'b10
[PASS]                    rready_delay: rvalid held cycle 2  got=1'b1
[PASS]                  rready_delay: rdata  stable cycle 2  got=0x00000000
[PASS]                  rready_delay: rresp  stable cycle 2  resp=2'b10
[PASS]                    rready_delay: rvalid held cycle 3  got=1'b1
[PASS]                  rready_delay: rdata  stable cycle 3  got=0x00000000
[PASS]                  rready_delay: rresp  stable cycle 3  resp=2'b10
[PASS]                   rready_delay: rvalid before accept  got=1'b1
[PASS]                           rready_delay: rresp  final  resp=2'b10
[PASS]                             T13 invalid addr rdata=0  got=0x00000000
[INFO] Test 14a: reset during active DMA add transfer
[PASS]                                     start: SRC write  resp=2'b00
[PASS]                                     start: DST write  resp=2'b00
[PASS]                                     start: LEN write  resp=2'b00
[PASS]                                     start: ADD write  resp=2'b00
[PASS]                                    start: CTRL write  resp=2'b00
[PASS]                                    T14a CONTROL read  resp=2'b00
[PASS]                            T14a CONTROL=0 (busy_r=0)  got=0x00000000
[PASS]                                   T14a SRC_ADDR read  resp=2'b00
[PASS]                                      T14a SRC_ADDR=0  got=0x00000000
[PASS]                                   T14a DST_ADDR read  resp=2'b00
[PASS]                                      T14a DST_ADDR=0  got=0x00000000
[PASS]                                        T14a LEN read  resp=2'b00
[PASS]                                  T14a LENGTH_WORDS=0  got=0x00000000
[PASS]                                  T14a ADD_VALUE read  resp=2'b00
[PASS]                                     T14a ADD_VALUE=0  got=0x00000000
[PASS]                                     T14a STATUS read  resp=2'b00
[PASS]                T14a STATUS=0 (done=0 error=0 busy=0)  got=0x00000000
[PASS]                                      T14a COUNT read  resp=2'b00
[PASS]                               T14a PROCESSED_COUNT=0  got=0x00000000
[PASS]                                    T14a LAST_IN read  resp=2'b00
[PASS]                               T14a LAST_INPUT_DATA=0  got=0x00000000
[PASS]                                   T14a LAST_OUT read  resp=2'b00
[PASS]                              T14a LAST_OUTPUT_DATA=0  got=0x00000000
[PASS]                 T14a canary mem[639] 0x9FC unchanged  got=0xbeefcafe
[PASS]                 T14a canary mem[656] 0xA40 unchanged  got=0xdecafbad
[INFO] Test 14b: fresh valid transfer after reset
[PASS]                                     start: SRC write  resp=2'b00
[PASS]                                     start: DST write  resp=2'b00
[PASS]                                     start: LEN write  resp=2'b00
[PASS]                                     start: ADD write  resp=2'b00
[PASS]                                    start: CTRL write  resp=2'b00
[PASS]                                     T14b STATUS read  resp=2'b00
[PASS]                                     T14b STATUS.done  got=1'b1
[PASS]                                  T14b STATUS.error=0  got=1'b0
[PASS]                                      T14b COUNT read  resp=2'b00
[PASS]                               T14b PROCESSED_COUNT=4  got=0x00000004
[PASS]                            T14b dst[0] mem[0xD00>>2]  got=0x00011004
[PASS]                            T14b dst[1] mem[0xD04>>2]  got=0x00022005
[PASS]                            T14b dst[2] mem[0xD08>>2]  got=0x00033006
[PASS]                            T14b dst[3] mem[0xD0C>>2]  got=0x00044007
[PASS] simple_dma_add_ctrl_tb  355/355 checks passed
[DONE] simulation complete at t=7350000
$finish called at time : 7350 ns : File "/home/zealatan/AI_ORC/messi/VIVADO_MIN_EXAMPLE/tb/simple_dma_add_ctrl_tb.sv" Line 821
exit
INFO: [Common 17-206] Exiting xsim at Sun May  3 11:18:54 2026...
