#-----------------------------------------------------------
# xsim v2022.2 (64-bit)
# SW Build 3671981 on Fri Oct 14 04:59:54 MDT 2022
# IP Build 3669848 on Fri Oct 14 08:30:02 MDT 2022
# Start of session at: Sun May  3 09:49:38 2026
# Process ID: 241455
# Current directory: /home/zealatan/AI_ORC/messi/VIVADO_MIN_EXAMPLE/build
# Command line: xsim -mode tcl -source {xsim.dir/simple_dma_add_nword_tb_sim/xsim_script.tcl}
# Log file: /home/zealatan/AI_ORC/messi/VIVADO_MIN_EXAMPLE/build/xsim.log
# Journal file: /home/zealatan/AI_ORC/messi/VIVADO_MIN_EXAMPLE/build/xsim.jou
# Running On: DESKTOP-FAIRVEG, OS: Linux, CPU Frequency: 2496.001 MHz, CPU Physical cores: 6, Host memory: 8134 MB
#-----------------------------------------------------------
source xsim.dir/simple_dma_add_nword_tb_sim/xsim_script.tcl
# xsim {simple_dma_add_nword_tb_sim} -autoloadwcfg -runall
Time resolution is 1 ps
run -all
[CHK] t=95000  phase=reset_release
[INFO] Test 1: length_words=0 — expect done, no error, processed_count=0
[PASS]                                              T1 done  got=1'b1
[PASS]                                          T1 no error  got=1'b0
[PASS]                                 T1 processed_count=0  got=0
[PASS]              T1 canary dst[0] mem[0xD0>>2] unchanged  got=0xabcdef01
[CHK] t=125000  phase=test2
[INFO] Test 2: length_words=1, 0x10 + 0x5 = 0x15
[PASS]                                              T2 done  got=1'b1
[PASS]                                          T2 no error  got=1'b0
[PASS]                                 T2 processed_count=1  got=1
[PASS]                                   T2 last_input_data  got=0x00000010
[PASS]                                  T2 last_output_data  got=0x00000015
[PASS]                               T2 dst[0] mem[0x40>>2]  got=0x00000015
[CHK] t=195000  phase=test3
[INFO] Test 3: length_words=4, add 0x100 to four words
[PASS]                                              T3 done  got=1'b1
[PASS]                                          T3 no error  got=1'b0
[PASS]                                 T3 processed_count=4  got=4
[PASS]                                   T3 last_input_data  got=0x40000004
[PASS]                                  T3 last_output_data  got=0x40000104
[PASS]                               T3 dst[0] mem[0x80>>2]  got=0x10000101
[PASS]                               T3 dst[1] mem[0x84>>2]  got=0x20000102
[PASS]                               T3 dst[2] mem[0x88>>2]  got=0x30000103
[PASS]                               T3 dst[3] mem[0x8C>>2]  got=0x40000104
[CHK] t=385000  phase=test4
[INFO] Test 4: overflow — 0xFFFF_FFFF + 0x1 = 0x0 (wraps)
[PASS]                                              T4 done  got=1'b1
[PASS]               T4 no error (overflow is not an error)  got=1'b0
[PASS]                                 T4 processed_count=1  got=1
[PASS]                  T4 dst[0] mem[0xC0>>2] wrapped to 0  got=0x00000000
[CHK] t=455000  phase=test5
[INFO] Test 5: invalid src mid-processing src=0xFF4 len=4
[PASS]                                              T5 done  got=1'b1
[PASS]                            T5 error (OOB src word 3)  got=1'b1
[PASS]                                 T5 processed_count=3  got=3
[PASS]                              T5 dst[0] mem[0x100>>2]  got=0xaaaa1121
[PASS]                              T5 dst[1] mem[0x104>>2]  got=0xbbbb2232
[PASS]                              T5 dst[2] mem[0x108>>2]  got=0xcccc3343
[PASS]         T5 dst[3] mem[0x10C>>2] unchanged (no write)  got=0x00000000
[PASS]                 T5 last_input_data = OOB rdata (0x0)  got=0x00000000
[PASS]          T5 last_output_data = OOB rdata + add_value  got=0x00000010
[CHK] t=625000  phase=test6
[INFO] Test 6: invalid dst mid-processing src=0x200 dst=0xFF4 len=4
[PASS]                                              T6 done  got=1'b1
[PASS]                            T6 error (OOB dst word 3)  got=1'b1
[PASS]                                 T6 processed_count=3  got=3
[PASS]                              T6 dst[0] mem[0xFF4>>2]  got=0x1111aaca
[PASS]                              T6 dst[1] mem[0xFF8>>2]  got=0x2222bbdb
[PASS]                              T6 dst[2] mem[0xFFC>>2]  got=0x3333ccec
[PASS]                       T6 src mem[0x200>>2] unchanged  got=0x1111aaaa
[PASS]         T6 last_input_data = failed-write input word  got=0x4444dddd
[PASS]    T6 last_output_data = failed-write processed word  got=0x4444ddfd
[CHK] t=815000  phase=test7
[INFO] Test 7: identity mode (add_value=0), 4-word copy
[PASS]                                              T7 done  got=1'b1
[PASS]                                          T7 no error  got=1'b0
[PASS]                                 T7 processed_count=4  got=4
[PASS]                   T7 last_input_data = last src word  got=0x8888dddd
[PASS]          T7 last_output_data = last src word (add=0)  got=0x8888dddd
[PASS]                              T7 dst[0] mem[0x500>>2]  got=0x5555aaaa
[PASS]                              T7 dst[1] mem[0x504>>2]  got=0x6666bbbb
[PASS]                              T7 dst[2] mem[0x508>>2]  got=0x7777cccc
[PASS]                              T7 dst[3] mem[0x50C>>2]  got=0x8888dddd
[PASS] simple_dma_add_nword_tb  50/50 checks passed
[DONE] simulation complete at t=1005000
$finish called at time : 1005 ns : File "/home/zealatan/AI_ORC/messi/VIVADO_MIN_EXAMPLE/tb/simple_dma_add_nword_tb.sv" Line 324
exit
INFO: [Common 17-206] Exiting xsim at Sun May  3 09:49:45 2026...
