#-----------------------------------------------------------
# xsim v2022.2 (64-bit)
# SW Build 3671981 on Fri Oct 14 04:59:54 MDT 2022
# IP Build 3669848 on Fri Oct 14 08:30:02 MDT 2022
# Start of session at: Sun May  3 14:39:35 2026
# Process ID: 252596
# Current directory: /home/zealatan/AI_ORC/messi/VIVADO_MIN_EXAMPLE/build
# Command line: xsim -mode tcl -source {xsim.dir/axis_add_one_tb_sim/xsim_script.tcl}
# Log file: /home/zealatan/AI_ORC/messi/VIVADO_MIN_EXAMPLE/build/xsim.log
# Journal file: /home/zealatan/AI_ORC/messi/VIVADO_MIN_EXAMPLE/build/xsim.jou
# Running On: DESKTOP-FAIRVEG, OS: Linux, CPU Frequency: 2496.001 MHz, CPU Physical cores: 6, Host memory: 8134 MB
#-----------------------------------------------------------
source xsim.dir/axis_add_one_tb_sim/xsim_script.tcl
# xsim {axis_add_one_tb_sim} -autoloadwcfg -runall
Time resolution is 1 ps
run -all
[INFO] Test 1: reset defaults
[PASS] alid after reset: 0
[PASS] data after reset: 0x00000000
[PASS] last after reset: 0
[INFO] Test 2: single-beat transfer
[PASS] beat 0 tdata: 0xdeadbef0
[PASS] beat 0 tlast: 1
[INFO] Test 3: multi-beat packet
[FAIL] beat 0 tdata: expected 0xaaaa0002 got 0xaaaa0005
[FAIL] beat 0 tlast: expected 0 got 1
Fatal: [FATAL] wait_output_beat timeout: m_tvalid never asserted (beat 1)
Time: 2185 ns  Iteration: 0  Process: /axis_add_one_tb/wait_output_beat  Scope: axis_add_one_tb.wait_output_beat  File: /home/zealatan/AI_ORC/messi/VIVADO_MIN_EXAMPLE/tb/axis_add_one_tb.sv Line: 213
$finish called at time : 2185 ns
exit
INFO: [Common 17-206] Exiting xsim at Sun May  3 14:39:43 2026...
