#-----------------------------------------------------------
# xsim v2022.2 (64-bit)
# SW Build 3671981 on Fri Oct 14 04:59:54 MDT 2022
# IP Build 3669848 on Fri Oct 14 08:30:02 MDT 2022
# Start of session at: Sat May  2 19:07:02 2026
# Process ID: 142689
# Current directory: /home/zealatan/AI_ORC/messi/VIVADO_MIN_EXAMPLE/build
# Command line: xsim -mode tcl -source {xsim.dir/mem_rw_tb_sim/xsim_script.tcl}
# Log file: /home/zealatan/AI_ORC/messi/VIVADO_MIN_EXAMPLE/build/xsim.log
# Journal file: /home/zealatan/AI_ORC/messi/VIVADO_MIN_EXAMPLE/build/xsim.jou
# Running On: DESKTOP-FAIRVEG, OS: Linux, CPU Frequency: 2496.001 MHz, CPU Physical cores: 6, Host memory: 8134 MB
#-----------------------------------------------------------
source xsim.dir/mem_rw_tb_sim/xsim_script.tcl
# xsim {mem_rw_tb_sim} -autoloadwcfg -runall
Time resolution is 1 ps
run -all
[CHK] t=95000  phase=reset_release
[INFO] Test 1: full word write/readback
[PASS]                      T1 bresp OKAY addr=0x00  resp=2'b00
[PASS]                        T1 readback addr=0x00  got=0xdeadbeef
[PASS]                      T1 rresp OKAY addr=0x00  resp=2'b00
[PASS]                      T1 bresp OKAY addr=0x10  resp=2'b00
[PASS]                        T1 readback addr=0x10  got=0xcafef00d
[PASS]                      T1 rresp OKAY addr=0x10  resp=2'b00
[CHK] t=210000  phase=multiple_addr
[INFO] Test 2: multiple addresses
[PASS]                      T2 bresp OKAY addr=0x00  resp=2'b00
[PASS]                      T2 bresp OKAY addr=0x04  resp=2'b00
[PASS]                      T2 bresp OKAY addr=0x08  resp=2'b00
[PASS]                      T2 bresp OKAY addr=0x0c  resp=2'b00
[PASS]                        T2 readback addr=0x00  got=0xa0b0c000
[PASS]                      T2 rresp OKAY addr=0x00  resp=2'b00
[PASS]                        T2 readback addr=0x04  got=0xa0b0c001
[PASS]                      T2 rresp OKAY addr=0x04  resp=2'b00
[PASS]                        T2 readback addr=0x08  got=0xa0b0c002
[PASS]                      T2 rresp OKAY addr=0x08  resp=2'b00
[PASS]                        T2 readback addr=0x0c  got=0xa0b0c003
[PASS]                      T2 rresp OKAY addr=0x0c  resp=2'b00
[CHK] t=450000  phase=wstrb
[INFO] Test 3: byte-lane WSTRB writes
[PASS]                           T3 seed bresp OKAY  resp=2'b00
[PASS]                     T3 wstrb=0001 bresp OKAY  resp=2'b00
[PASS]                  T3 wstrb=0001 byte0 cleared  got=0xffffff00
[PASS]                     T3 wstrb=0001 rresp OKAY  resp=2'b00
[PASS]                     T3 wstrb=1000 bresp OKAY  resp=2'b00
[PASS]              T3 wstrb=1000 byte3 set to 0xAB  got=0xabffff00
[PASS]                     T3 wstrb=1000 rresp OKAY  resp=2'b00
[PASS]                     T3 wstrb=0110 bresp OKAY  resp=2'b00
[PASS]               T3 wstrb=0110 bytes1+2 updated  got=0xab341200
[PASS]                     T3 wstrb=0110 rresp OKAY  resp=2'b00
[CHK] t=660000  phase=unwritten_addr
[INFO] Test 4: read from unwritten address (expect 0x0)
[PASS]           T4 unwritten addr=0x100 reads zero  got=0x00000000
[PASS]                      T4 rresp OKAY unwritten  resp=2'b00
[PASS] mem_rw_tb  30/30 checks passed
[DONE] simulation complete at t=690000
$finish called at time : 690 ns : File "/home/zealatan/AI_ORC/messi/VIVADO_MIN_EXAMPLE/tb/mem_rw_tb.sv" Line 243
exit
INFO: [Common 17-206] Exiting xsim at Sat May  2 19:07:09 2026...
