#-----------------------------------------------------------
# xsim v2022.2 (64-bit)
# SW Build 3671981 on Fri Oct 14 04:59:54 MDT 2022
# IP Build 3669848 on Fri Oct 14 08:30:02 MDT 2022
# Start of session at: Sat May  2 21:24:11 2026
# Process ID: 177195
# Current directory: /home/zealatan/AI_ORC/messi/VIVADO_MIN_EXAMPLE/build
# Command line: xsim -mode tcl -source {xsim.dir/simple_axi_master_tb_sim/xsim_script.tcl}
# Log file: /home/zealatan/AI_ORC/messi/VIVADO_MIN_EXAMPLE/build/xsim.log
# Journal file: /home/zealatan/AI_ORC/messi/VIVADO_MIN_EXAMPLE/build/xsim.jou
# Running On: DESKTOP-FAIRVEG, OS: Linux, CPU Frequency: 2496.001 MHz, CPU Physical cores: 6, Host memory: 8134 MB
#-----------------------------------------------------------
source xsim.dir/simple_axi_master_tb_sim/xsim_script.tcl
# xsim {simple_axi_master_tb_sim} -autoloadwcfg -runall
Time resolution is 1 ps
run -all
[CHK] t=95000  phase=reset_release
[INFO] Test 1: single write/readback
[PASS]                                        T1 done  got=1'b1
[PASS]                                    T1 no error  got=1'b0
[PASS]                          T1 readback addr=0x00  got=0xdeadbeef
[CHK] t=165000  phase=multi_addr
[INFO] Test 2: multiple addresses / data values
[PASS]                              T2 done addr=0x04  got=1'b1
[PASS]                          T2 no error addr=0x04  got=1'b0
[PASS]                          T2 readback addr=0x04  got=0xcafef00d
[PASS]                              T2 done addr=0x08  got=1'b1
[PASS]                          T2 no error addr=0x08  got=1'b0
[PASS]                          T2 readback addr=0x08  got=0xa5a5a5a5
[PASS]                              T2 done addr=0x0C  got=1'b1
[PASS]                          T2 no error addr=0x0C  got=1'b0
[PASS]                          T2 readback addr=0x0C  got=0x00000001
[CHK] t=375000  phase=oob_error
[INFO] Test 3: out-of-range address 0x1000 — expect error
[PASS]                             T3 done (OOB addr)  got=1'b1
[PASS]                     T3 error asserted (SLVERR)  got=1'b1
[PASS] simple_axi_master_tb  14/14 checks passed
[DONE] simulation complete at t=445000
$finish called at time : 445 ns : File "/home/zealatan/AI_ORC/messi/VIVADO_MIN_EXAMPLE/tb/simple_axi_master_tb.sv" Line 197
exit
INFO: [Common 17-206] Exiting xsim at Sat May  2 21:24:19 2026...
