#-----------------------------------------------------------
# xsim v2022.2 (64-bit)
# SW Build 3671981 on Fri Oct 14 04:59:54 MDT 2022
# IP Build 3669848 on Fri Oct 14 08:30:02 MDT 2022
# Start of session at: Wed May  6 13:40:50 2026
# Process ID: 46769
# Current directory: /home/zealatan/AI_ORC/messi/VIVADO_MIN_EXAMPLE/build
# Command line: xsim -mode tcl -source {xsim.dir/frac_cfo_snap/xsim_script.tcl}
# Log file: /home/zealatan/AI_ORC/messi/VIVADO_MIN_EXAMPLE/build/xsim.log
# Journal file: /home/zealatan/AI_ORC/messi/VIVADO_MIN_EXAMPLE/build/xsim.jou
# Running On: DESKTOP-FAIRVEG, OS: Linux, CPU Frequency: 2495.999 MHz, CPU Physical cores: 6, Host memory: 8134 MB
#-----------------------------------------------------------
source xsim.dir/frac_cfo_snap/xsim_script.tcl
# xsim {frac_cfo_snap} -autoloadwcfg -runall
Time resolution is 1 ps
run -all
[TEST] T1 Reset defaults
[PASS] T1.1 m_tvalid=0 in reset
[PASS] T1.2 frame_det=0 in reset
[PASS] T1.3 m_tlast=0 in reset
[TEST] T2 Frame offset=0 cfo=0 len=4
[PASS] T2.1 frame_detected fired
[PASS] T2.2 data[0]
[PASS] T2.3 data[1]
[PASS] T2.4 data[2]
[PASS] T2.5 data[3]
[PASS] T2.6 tlast on last
[TEST] T3 Frame offset=3 cfo=0 len=3
[PASS] T3.1 frame_detected fired
[PASS] T3.2 data[0]
[PASS] T3.3 data[1]
[PASS] T3.4 data[2]
[PASS] T3.5 tlast on last
[TEST] T4 frame_detected pulse
[PASS] T4.1 no fd before frame
[PASS] T4.2 fd=1 on frame start
[PASS] T4.3 fd=0 after start
[TEST] T5 tlast pattern
[PASS] T5.1 tlast[0]=0
[PASS] T5.2 tlast[1]=0
[PASS] T5.3 tlast[2]=0
[PASS] T5.4 tlast[3]=1
[TEST] T6 Backpressure basic
[PASS] T6.1 tvalid held during bp
[PASS] T6.1 tvalid held during bp
[PASS] T6.2 last output tlast=1
[TEST] T7 Frame length 1
[PASS] T7.1 fd fired once
[PASS] T7.2 data correct
[PASS] T7.3 tlast=1
[FAIL] T7.4 no extra output
[TEST] T8 Reset mid-stream
[PASS] T8.1 m_tvalid=1 before reset
[PASS] T8.2 m_tvalid=0 after reset
[PASS] T8.3 m_tlast=0 after reset
[PASS] T8.4 recovery: fd fired
[PASS] T8.5 recovery: tlast on last
[TEST] T9 Post-frame canary
[PASS] T9.1 m_tvalid=0 post-frame
[PASS] T9.2 s_tready=1 post-frame
[PASS] T9.2 s_tready=1 post-frame
[PASS] T9.2 s_tready=1 post-frame
[PASS] T9.2 s_tready=1 post-frame
[PASS] T9.3 no output on extra sample
[STEP20] Total so far: PASS=38 FAIL=1 (target 39)
[TEST] R1 Timing offset sweep (offsets 0..15)
[PASS] R1.off0 fd
[PASS] R1.off0 tlast
[PASS] R1.off1 fd
[PASS] R1.off1 tlast
[PASS] R1.off2 fd
[PASS] R1.off2 tlast
[PASS] R1.off3 fd
[PASS] R1.off3 tlast
[PASS] R1.off4 fd
[PASS] R1.off4 tlast
[PASS] R1.off5 fd
[PASS] R1.off5 tlast
[PASS] R1.off6 fd
[PASS] R1.off6 tlast
[PASS] R1.off7 fd
[PASS] R1.off7 tlast
[PASS] R1.off8 fd
[PASS] R1.off8 tlast
[PASS] R1.off9 fd
[PASS] R1.off9 tlast
[PASS] R1.off10 fd
[PASS] R1.off10 tlast
[PASS] R1.off11 fd
[PASS] R1.off11 tlast
[PASS] R1.off12 fd
[PASS] R1.off12 tlast
[PASS] R1.off13 fd
[PASS] R1.off13 tlast
[PASS] R1.off14 fd
[PASS] R1.off14 tlast
[PASS] R1.off15 fd
[PASS] R1.off15 tlast
[TEST] R2 Fractional CFO sweep
[PASS] R2.cfo0 samp0
[PASS] R2.cfo0 samp1
[PASS] R2.cfo0 samp2
[PASS] R2.cfo0 samp3
[PASS] R2.cfo1 samp0
[PASS] R2.cfo1 samp1
[PASS] R2.cfo1 samp2
[PASS] R2.cfo1 samp3
[PASS] R2.cfo2 samp0
[PASS] R2.cfo2 samp1
[PASS] R2.cfo2 samp2
[PASS] R2.cfo2 samp3
[PASS] R2.cfo3 samp0
[PASS] R2.cfo3 samp1
[PASS] R2.cfo3 samp2
[PASS] R2.cfo3 samp3
[TEST] R3 Randomized frame placement (20 trials)
[PASS] R3.t0 fd=1
[PASS] R3.t0 tlast
[PASS] R3.t1 fd=1
[PASS] R3.t1 tlast
[PASS] R3.t2 fd=1
[PASS] R3.t2 tlast
[PASS] R3.t3 fd=1
[PASS] R3.t3 tlast
[PASS] R3.t4 fd=1
[PASS] R3.t4 tlast
[PASS] R3.t5 fd=1
[PASS] R3.t5 tlast
[PASS] R3.t6 fd=1
[PASS] R3.t6 tlast
[PASS] R3.t7 fd=1
[PASS] R3.t7 tlast
[PASS] R3.t8 fd=1
[PASS] R3.t8 tlast
[PASS] R3.t9 fd=1
[PASS] R3.t9 tlast
[PASS] R3.t10 fd=1
[PASS] R3.t10 tlast
[PASS] R3.t11 fd=1
[PASS] R3.t11 tlast
[PASS] R3.t12 fd=1
[PASS] R3.t12 tlast
[PASS] R3.t13 fd=1
[PASS] R3.t13 tlast
[PASS] R3.t14 fd=1
[PASS] R3.t14 tlast
[PASS] R3.t15 fd=1
[PASS] R3.t15 tlast
[PASS] R3.t16 fd=1
[PASS] R3.t16 tlast
[PASS] R3.t17 fd=1
[PASS] R3.t17 tlast
[PASS] R3.t18 fd=1
[PASS] R3.t18 tlast
[PASS] R3.t19 fd=1
[PASS] R3.t19 tlast
[TEST] R4 Randomized amplitude scaling (10 trials)
[PASS] R4.t0 data
[PASS] R4.t1 data
[PASS] R4.t2 data
[PASS] R4.t3 data
[PASS] R4.t4 data
[PASS] R4.t5 data
[PASS] R4.t6 data
[PASS] R4.t7 data
[PASS] R4.t8 data
[PASS] R4.t9 data
[TEST] R5 Backpressure patterns (delays 0,1,2,3)
[PASS] R5.bp0 stall valid
[PASS] R5.bp0 data
[FAIL] R5.bp0 tlast
[PASS] R5.bp1 stall valid
[PASS] R5.bp1 data
[FAIL] R5.bp1 tlast
[PASS] R5.bp2 stall valid
[PASS] R5.bp2 data
[FAIL] R5.bp2 tlast
[PASS] R5.bp3 stall valid
[PASS] R5.bp3 data
[FAIL] R5.bp3 tlast
[TEST] R6 Reset robustness
[PASS] R6a.1 tvalid=0 after reset
[PASS] R6a.2 recovery fd
[PASS] R6a.3 recovery tlast
[PASS] R6b.1 tvalid=0 after reset
[PASS] R6b.2 recovery fd
[PASS] R6b.3 recovery data
[PASS] R6c.1 tvalid=0 after reset
[PASS] R6c.2 recovery fd
[PASS] R6c.3 recovery correct data
[TEST] R7 No-frame false-trigger rejection
[PASS] R7.t0 tvalid=0
[PASS] R7.t0 fd=0
[PASS] R7.t1 tvalid=0
[PASS] R7.t1 fd=0
[PASS] R7.t2 tvalid=0
[PASS] R7.t2 fd=0
[TEST] R8 Buffer boundary stress
[PASS] R8a.1 fd
[PASS] R8a.2 tlast
[PASS] R8a.3 data
[PASS] R8b.1 fd
[PASS] R8b.2 tlast
[PASS] R8b.3 data0
[PASS] R8c.1 fd
[PASS] R8c.2 tlast
[PASS] R8c.3 data0
[PASS] R8d.1 fd
[PASS] R8d.2 tlast
[PASS] R8d.3 data0

--- SIMULATION SUMMARY ---
PASS: 171
FAIL: 5
Randomized trials (sweeps+random): 57
CFO range tested (step values): 0x0000 to 0xC000 and 0xF000
Timing offset range: 0..15 (sweep) + random 0..15
Backpressure patterns tested: 4 (delays 0..3)
--------------------------
[CI GATE] FAILED
$finish called at time : 17160 ns : File "/home/zealatan/AI_ORC/messi/VIVADO_MIN_EXAMPLE/tb/frac_cfo_frame_corrector_top_tb.sv" Line 650
exit
INFO: [Common 17-206] Exiting xsim at Wed May  6 13:41:08 2026...
