
****** xsim v2022.2 (64-bit)
  **** SW Build 3671981 on Fri Oct 14 04:59:54 MDT 2022
  **** IP Build 3669848 on Fri Oct 14 08:30:02 MDT 2022
    ** Copyright 1986-2022 Xilinx, Inc. All Rights Reserved.

source xsim.dir/simple_dma_copy_nword_tb_sim/xsim_script.tcl
# xsim {simple_dma_copy_nword_tb_sim} -autoloadwcfg -runall
Time resolution is 1 ps
run -all
[CHK] t=95000  phase=reset_release
[INFO] Test 1: length_words=0 — expect done, no error, copied_count=0
[PASS]                                              T1 done  got=1'b1
[PASS]                                          T1 no error  got=1'b0
[PASS]                                    T1 copied_count=0  got=0
[PASS]                        T1 dst mem[0x40>>2] unchanged  got=0x00000000
[CHK] t=125000  phase=test2
[INFO] Test 2: length_words=1, copy 0x00 -> 0x40
[PASS]                                              T2 done  got=1'b1
[PASS]                                          T2 no error  got=1'b0
[PASS]                                    T2 copied_count=1  got=1
[PASS]                                  T2 last_copied_data  got=0xdeadbeef
[PASS]                                  T2 dst mem[0x40>>2]  got=0xdeadbeef
[CHK] t=195000  phase=test3
[INFO] Test 3: length_words=4, copy 0x00-0x0C -> 0x80-0x8C
[PASS]                                              T3 done  got=1'b1
[PASS]                                          T3 no error  got=1'b0
[PASS]                                    T3 copied_count=4  got=4
[PASS]                               T3 dst[0] mem[0x80>>2]  got=0xdeadbeef
[PASS]                               T3 dst[1] mem[0x84>>2]  got=0xcafef00d
[PASS]                               T3 dst[2] mem[0x88>>2]  got=0xa5a5a5a5
[PASS]                               T3 dst[3] mem[0x8C>>2]  got=0x12345678
[CHK] t=385000  phase=test4
[INFO] Test 4: invalid src mid-copy src=0xFF4 len=4 dst=0x100
[PASS]                                              T4 done  got=1'b1
[PASS]                            T4 error (OOB src word 3)  got=1'b1
[PASS]                                    T4 copied_count=3  got=3
[PASS]                              T4 dst[0] mem[0x100>>2]  got=0xaaaa1111
[PASS]                              T4 dst[1] mem[0x104>>2]  got=0xbbbb2222
[PASS]                              T4 dst[2] mem[0x108>>2]  got=0xcccc3333
[PASS]                    T4 dst[3] mem[0x10C>>2] unchanged  got=0x00000000
[CHK] t=555000  phase=test5
[INFO] Test 5: invalid dst mid-copy src=0x200 dst=0xFF4 len=4
[PASS]                                              T5 done  got=1'b1
[PASS]                            T5 error (OOB dst word 3)  got=1'b1
[PASS]                                    T5 copied_count=3  got=3
[PASS]                              T5 dst[0] mem[0xFF4>>2]  got=0x1111aaaa
[PASS]                              T5 dst[1] mem[0xFF8>>2]  got=0x2222bbbb
[PASS]                              T5 dst[2] mem[0xFFC>>2]  got=0x3333cccc
[PASS]                 T5 canary mem[256] (0x400) unchanged  got=0xfeedface
[PASS]                       T5 src mem[0x200>>2] unchanged  got=0x1111aaaa
[PASS] simple_dma_copy_nword_tb  31/31 checks passed
[DONE] simulation complete at t=745000
$finish called at time : 745 ns : File "/home/zealatan/AI_ORC/messi/VIVADO_MIN_EXAMPLE/tb/simple_dma_copy_nword_tb.sv" Line 262
exit
INFO: [Common 17-206] Exiting xsim at Sat May  2 23:19:25 2026...
